<?xml version="1.0" encoding="UTF-8"?>
<!-- Generated by org.testng.reporters.JUnitXMLReporter -->
<testsuite ignored="0" hostname="Jarvis-Skynet" failures="1" tests="4" name="Default test" time="146.338" errors="0" timestamp="2023-10-11T12:23:45 IST">
  <testcase classname="com.qa.TestScript.TestScenarios" name="VerifyFileFormat" time="0.004"/>
  <testcase classname="com.qa.TestScript.TestScenarios" name="ValidateVersionofPDF" time="0.003"/>
  <testcase classname="com.qa.TestScript.TestScenarios" name="CheckPasswordProtectionofPDF" time="0.002"/>
  <testcase classname="com.qa.TestScript.TestScenarios" name="ContentValidation" time="132.959">
    <failure type="java.io.IOException" message="COSStream has been closed and cannot be read. Perhaps its enclosing PDDocument has been closed?">
      <![CDATA[java.io.IOException: COSStream has been closed and cannot be read. Perhaps its enclosing PDDocument has been closed?
at org.apache.pdfbox.cos.COSStream.checkClosed(COSStream.java:83)
at org.apache.pdfbox.cos.COSStream.createInputStream(COSStream.java:168)
at org.apache.pdfbox.cos.COSStream.createInputStream(COSStream.java:163)
at org.apache.pdfbox.pdmodel.PDPage.getContents(PDPage.java:157)
at org.apache.pdfbox.pdfparser.PDFStreamParser.<init>(PDFStreamParser.java:91)
at org.apache.pdfbox.contentstream.PDFStreamEngine.processStreamOperators(PDFStreamEngine.java:508)
at org.apache.pdfbox.contentstream.PDFStreamEngine.processStream(PDFStreamEngine.java:492)
at org.apache.pdfbox.contentstream.PDFStreamEngine.processPage(PDFStreamEngine.java:155)
at org.apache.pdfbox.text.LegacyPDFStreamEngine.processPage(LegacyPDFStreamEngine.java:144)
at org.apache.pdfbox.text.PDFTextStripper.processPage(PDFTextStripper.java:394)
at org.apache.pdfbox.text.PDFTextStripper.processPages(PDFTextStripper.java:322)
at org.apache.pdfbox.text.PDFTextStripper.writeText(PDFTextStripper.java:269)
at org.apache.pdfbox.text.PDFTextStripper.getText(PDFTextStripper.java:233)
at com.qa.TestScript.TestScenarios.ContentValidation(TestScenarios.java:74)
at java.base/jdk.internal.reflect.NativeMethodAccessorImpl.invoke0(Native Method)
at java.base/jdk.internal.reflect.NativeMethodAccessorImpl.invoke(NativeMethodAccessorImpl.java:78)
at java.base/jdk.internal.reflect.DelegatingMethodAccessorImpl.invoke(DelegatingMethodAccessorImpl.java:43)
at java.base/java.lang.reflect.Method.invoke(Method.java:567)
at org.testng.internal.invokers.MethodInvocationHelper.invokeMethod(MethodInvocationHelper.java:139)
at org.testng.internal.invokers.TestInvoker.invokeMethod(TestInvoker.java:677)
at org.testng.internal.invokers.TestInvoker.invokeTestMethod(TestInvoker.java:221)
at org.testng.internal.invokers.MethodRunner.runInSequence(MethodRunner.java:50)
at org.testng.internal.invokers.TestInvoker$MethodInvocationAgent.invoke(TestInvoker.java:969)
at org.testng.internal.invokers.TestInvoker.invokeTestMethods(TestInvoker.java:194)
at org.testng.internal.invokers.TestMethodWorker.invokeTestMethods(TestMethodWorker.java:148)
at org.testng.internal.invokers.TestMethodWorker.run(TestMethodWorker.java:128)
at java.base/java.util.ArrayList.forEach(ArrayList.java:1511)
at org.testng.TestRunner.privateRun(TestRunner.java:829)
at org.testng.TestRunner.run(TestRunner.java:602)
at org.testng.SuiteRunner.runTest(SuiteRunner.java:437)
at org.testng.SuiteRunner.runSequentially(SuiteRunner.java:431)
at org.testng.SuiteRunner.privateRun(SuiteRunner.java:391)
at org.testng.SuiteRunner.run(SuiteRunner.java:330)
at org.testng.SuiteRunnerWorker.runSuite(SuiteRunnerWorker.java:52)
at org.testng.SuiteRunnerWorker.run(SuiteRunnerWorker.java:95)
at org.testng.TestNG.runSuitesSequentially(TestNG.java:1256)
at org.testng.TestNG.runSuitesLocally(TestNG.java:1176)
at org.testng.TestNG.runSuites(TestNG.java:1099)
at org.testng.TestNG.run(TestNG.java:1067)
at org.testng.remote.AbstractRemoteTestNG.run(AbstractRemoteTestNG.java:115)
at org.testng.remote.RemoteTestNG.initAndRun(RemoteTestNG.java:251)
at org.testng.remote.RemoteTestNG.main(RemoteTestNG.java:77)
]]>
    </failure>
  </testcase> <!-- ContentValidation -->
</testsuite> <!-- Default test -->
